<?xml version="1.0" encoding="UTF-8"?>
<!-- Generated by org.testng.reporters.JUnitXMLReporter -->
<testsuite ignored="8" hostname="APTL19005P" failures="0" tests="8" name="Surefire test" time="93.561" errors="0" timestamp="2022-01-11T15:11:46 CET">
  <testcase classname="test.TC1_ContactsUSTest" name="contactUs" time="2.939"/>
  <testcase classname="test.TC1_ContactsUSTest" name="contactUs" time="2.527"/>
  <testcase classname="test.TC1_ContactsUSTest" name="contactUs" time="1.135"/>
  <testcase classname="test.TC1_ContactsUSTest" name="contactUs" time="1.526"/>
  <testcase classname="test.TC1_ContactsUSTest" name="contactUs" time="1.116"/>
  <testcase classname="test.TC2_CompanyPageTest" name="companyPage" time="12.252"/>
  <testcase classname="test.TC3_CareersPageTest" name="CareersPageApply" time="12.509"/>
  <testcase classname="test.TC4_CareersPageTest" name="CareersPageListPositions" time="19.639"/>
  <testcase classname="base.TestBase" name="@BeforeSuite suiteSetup" time="0.0">
    <ignored/>
  </testcase> <!-- @BeforeSuite suiteSetup -->
  <testcase classname="base.TestBase" name="@BeforeSuite suiteSetup" time="0.0">
    <ignored/>
  </testcase> <!-- @BeforeSuite suiteSetup -->
  <testcase classname="base.TestBase" name="@BeforeSuite suiteSetup" time="0.0">
    <ignored/>
  </testcase> <!-- @BeforeSuite suiteSetup -->
  <testcase classname="base.TestBase" name="@BeforeSuite suiteSetup" time="0.0">
    <ignored/>
  </testcase> <!-- @BeforeSuite suiteSetup -->
  <testcase classname="base.TestBase" name="@AfterSuite suiteTearDown" time="0.0">
    <ignored/>
  </testcase> <!-- @AfterSuite suiteTearDown -->
  <testcase classname="base.TestBase" name="@AfterSuite suiteTearDown" time="0.0">
    <ignored/>
  </testcase> <!-- @AfterSuite suiteTearDown -->
  <testcase classname="base.TestBase" name="@AfterSuite suiteTearDown" time="0.0">
    <ignored/>
  </testcase> <!-- @AfterSuite suiteTearDown -->
  <testcase classname="base.TestBase" name="@AfterSuite suiteTearDown" time="0.0">
    <ignored/>
  </testcase> <!-- @AfterSuite suiteTearDown -->
</testsuite> <!-- Surefire test -->
