<?xml version="1.0" encoding="UTF-8"?>
<!-- Generated by org.testng.reporters.JUnitXMLReporter -->
<testsuite hostname="APTL19005P" ignored="0" name="Parallel Tests1" tests="5" failures="0" timestamp="2022-01-11T08:31:53 CET" time="67.397" errors="0">
  <testcase name="contactUs" time="4.526" classname="test.TC1_ContactsUSTest"/>
  <testcase name="contactUs" time="1.535" classname="test.TC1_ContactsUSTest"/>
  <testcase name="contactUs" time="1.019" classname="test.TC1_ContactsUSTest"/>
  <testcase name="contactUs" time="1.362" classname="test.TC1_ContactsUSTest"/>
  <testcase name="contactUs" time="1.163" classname="test.TC1_ContactsUSTest"/>
</testsuite> <!-- Parallel Tests1 -->
