<?xml version="1.0" encoding="UTF-8"?>
<testng-results ignored="8" total="16" passed="8" failed="0" skipped="0">
  <reporter-output>
  </reporter-output>
  <suite started-at="2022-01-11T15:10:12 CET" name="Surefire suite" finished-at="2022-01-11T15:11:46 CET" duration-ms="93561">
    <groups>
    </groups>
    <test started-at="2022-01-11T15:10:12 CET" name="Surefire test" finished-at="2022-01-11T15:11:46 CET" duration-ms="93561">
      <class name="base.TestBase">
        <test-method is-config="true" signature="suiteSetup()[pri:0, instance:base.TestBase@255b53dc]" started-at="2022-01-11T15:10:09 CET" name="suiteSetup" finished-at="2022-01-11T15:10:12 CET" duration-ms="3015" status="PASS">
          <reporter-output>
          </reporter-output>
        </test-method> <!-- suiteSetup -->
        <test-method is-config="true" signature="suiteTearDown()[pri:0, instance:base.TestBase@255b53dc]" started-at="2022-01-11T15:11:46 CET" name="suiteTearDown" finished-at="2022-01-11T15:11:47 CET" duration-ms="981" status="PASS">
          <reporter-output>
          </reporter-output>
        </test-method> <!-- suiteTearDown -->
      </class> <!-- base.TestBase -->
      <class name="test.TC2_CompanyPageTest">
        <test-method is-config="true" signature="loadBaseUrl(java.lang.reflect.Method)[pri:0, instance:test.TC2_CompanyPageTest@6b53e23f]" started-at="2022-01-11T15:10:48 CET" name="loadBaseUrl" finished-at="2022-01-11T15:10:51 CET" duration-ms="2320" status="PASS">
          <params>
            <param index="0">
              <value>
                <![CDATA[public void test.TC2_CompanyPageTest.companyPage()]]>
              </value>
            </param>
          </params>
          <reporter-output>
          </reporter-output>
        </test-method> <!-- loadBaseUrl -->
        <test-method signature="companyPage()[pri:0, instance:test.TC2_CompanyPageTest@6b53e23f]" started-at="2022-01-11T15:10:51 CET" name="companyPage" finished-at="2022-01-11T15:11:03 CET" duration-ms="12252" status="PASS">
          <reporter-output>
          </reporter-output>
        </test-method> <!-- companyPage -->
        <test-method is-config="true" signature="screenshotAndDeleteCookies(org.testng.ITestResult)[pri:0, instance:test.TC2_CompanyPageTest@6b53e23f]" started-at="2022-01-11T15:11:03 CET" name="screenshotAndDeleteCookies" finished-at="2022-01-11T15:11:04 CET" duration-ms="1318" status="PASS">
          <params>
            <param index="0">
              <value>
                <![CDATA[[TestResult name=companyPage status=SUCCESS method=TC2_CompanyPageTest.companyPage()[pri:0, instance:test.TC2_CompanyPageTest@6b53e23f] output={null}]]]>
              </value>
            </param>
          </params>
          <reporter-output>
          </reporter-output>
        </test-method> <!-- screenshotAndDeleteCookies -->
      </class> <!-- test.TC2_CompanyPageTest -->
      <class name="test.TC1_ContactsUSTest">
        <test-method is-config="true" signature="setUp()[pri:0, instance:test.TC1_ContactsUSTest@1dd92fe2]" started-at="2022-01-11T15:10:12 CET" name="setUp" finished-at="2022-01-11T15:10:12 CET" duration-ms="0" status="PASS">
          <reporter-output>
          </reporter-output>
        </test-method> <!-- setUp -->
        <test-method is-config="true" signature="loadBaseUrl(java.lang.reflect.Method)[pri:0, instance:test.TC1_ContactsUSTest@1dd92fe2]" started-at="2022-01-11T15:10:13 CET" name="loadBaseUrl" finished-at="2022-01-11T15:10:21 CET" duration-ms="8374" status="PASS">
          <params>
            <param index="0">
              <value>
                <![CDATA[public void test.TC1_ContactsUSTest.contactUs(java.lang.String) throws java.lang.Exception]]>
              </value>
            </param>
          </params>
          <reporter-output>
          </reporter-output>
        </test-method> <!-- loadBaseUrl -->
        <test-method signature="contactUs(java.lang.String)[pri:0, instance:test.TC1_ContactsUSTest@1dd92fe2]" started-at="2022-01-11T15:10:21 CET" name="contactUs" data-provider="TestData" finished-at="2022-01-11T15:10:24 CET" duration-ms="2939" status="PASS">
          <params>
            <param index="0">
              <value>
                <![CDATA[abc@bcgd]]>
              </value>
            </param>
          </params>
          <reporter-output>
          </reporter-output>
        </test-method> <!-- contactUs -->
        <test-method is-config="true" signature="screenshotAndDeleteCookies(org.testng.ITestResult)[pri:0, instance:test.TC1_ContactsUSTest@1dd92fe2]" started-at="2022-01-11T15:10:24 CET" name="screenshotAndDeleteCookies" finished-at="2022-01-11T15:10:26 CET" duration-ms="2137" status="PASS">
          <params>
            <param index="0">
              <value>
                <![CDATA[[TestResult name=contactUs status=SUCCESS method=TC1_ContactsUSTest.contactUs(java.lang.String)[pri:0, instance:test.TC1_ContactsUSTest@1dd92fe2] output={null}]]]>
              </value>
            </param>
          </params>
          <reporter-output>
          </reporter-output>
        </test-method> <!-- screenshotAndDeleteCookies -->
        <test-method is-config="true" signature="loadBaseUrl(java.lang.reflect.Method)[pri:0, instance:test.TC1_ContactsUSTest@1dd92fe2]" started-at="2022-01-11T15:10:26 CET" name="loadBaseUrl" finished-at="2022-01-11T15:10:29 CET" duration-ms="2928" status="PASS">
          <params>
            <param index="0">
              <value>
                <![CDATA[public void test.TC1_ContactsUSTest.contactUs(java.lang.String) throws java.lang.Exception]]>
              </value>
            </param>
          </params>
          <reporter-output>
          </reporter-output>
        </test-method> <!-- loadBaseUrl -->
        <test-method signature="contactUs(java.lang.String)[pri:0, instance:test.TC1_ContactsUSTest@1dd92fe2]" started-at="2022-01-11T15:10:29 CET" name="contactUs" data-provider="TestData" finished-at="2022-01-11T15:10:32 CET" duration-ms="2527" status="PASS">
          <params>
            <param index="0">
              <value>
                <![CDATA[jdfjdh.com]]>
              </value>
            </param>
          </params>
          <reporter-output>
          </reporter-output>
        </test-method> <!-- contactUs -->
        <test-method is-config="true" signature="screenshotAndDeleteCookies(org.testng.ITestResult)[pri:0, instance:test.TC1_ContactsUSTest@1dd92fe2]" started-at="2022-01-11T15:10:32 CET" name="screenshotAndDeleteCookies" finished-at="2022-01-11T15:10:33 CET" duration-ms="923" status="PASS">
          <params>
            <param index="0">
              <value>
                <![CDATA[[TestResult name=contactUs status=SUCCESS method=TC1_ContactsUSTest.contactUs(java.lang.String)[pri:0, instance:test.TC1_ContactsUSTest@1dd92fe2] output={null}]]]>
              </value>
            </param>
          </params>
          <reporter-output>
          </reporter-output>
        </test-method> <!-- screenshotAndDeleteCookies -->
        <test-method is-config="true" signature="loadBaseUrl(java.lang.reflect.Method)[pri:0, instance:test.TC1_ContactsUSTest@1dd92fe2]" started-at="2022-01-11T15:10:33 CET" name="loadBaseUrl" finished-at="2022-01-11T15:10:37 CET" duration-ms="3896" status="PASS">
          <params>
            <param index="0">
              <value>
                <![CDATA[public void test.TC1_ContactsUSTest.contactUs(java.lang.String) throws java.lang.Exception]]>
              </value>
            </param>
          </params>
          <reporter-output>
          </reporter-output>
        </test-method> <!-- loadBaseUrl -->
        <test-method signature="contactUs(java.lang.String)[pri:0, instance:test.TC1_ContactsUSTest@1dd92fe2]" started-at="2022-01-11T15:10:37 CET" name="contactUs" data-provider="TestData" finished-at="2022-01-11T15:10:38 CET" duration-ms="1135" status="PASS">
          <params>
            <param index="0">
              <value>
                <![CDATA[testTest]]>
              </value>
            </param>
          </params>
          <reporter-output>
          </reporter-output>
        </test-method> <!-- contactUs -->
        <test-method is-config="true" signature="screenshotAndDeleteCookies(org.testng.ITestResult)[pri:0, instance:test.TC1_ContactsUSTest@1dd92fe2]" started-at="2022-01-11T15:10:38 CET" name="screenshotAndDeleteCookies" finished-at="2022-01-11T15:10:39 CET" duration-ms="1039" status="PASS">
          <params>
            <param index="0">
              <value>
                <![CDATA[[TestResult name=contactUs status=SUCCESS method=TC1_ContactsUSTest.contactUs(java.lang.String)[pri:0, instance:test.TC1_ContactsUSTest@1dd92fe2] output={null}]]]>
              </value>
            </param>
          </params>
          <reporter-output>
          </reporter-output>
        </test-method> <!-- screenshotAndDeleteCookies -->
        <test-method is-config="true" signature="loadBaseUrl(java.lang.reflect.Method)[pri:0, instance:test.TC1_ContactsUSTest@1dd92fe2]" started-at="2022-01-11T15:10:39 CET" name="loadBaseUrl" finished-at="2022-01-11T15:10:41 CET" duration-ms="1997" status="PASS">
          <params>
            <param index="0">
              <value>
                <![CDATA[public void test.TC1_ContactsUSTest.contactUs(java.lang.String) throws java.lang.Exception]]>
              </value>
            </param>
          </params>
          <reporter-output>
          </reporter-output>
        </test-method> <!-- loadBaseUrl -->
        <test-method signature="contactUs(java.lang.String)[pri:0, instance:test.TC1_ContactsUSTest@1dd92fe2]" started-at="2022-01-11T15:10:41 CET" name="contactUs" data-provider="TestData" finished-at="2022-01-11T15:10:42 CET" duration-ms="1526" status="PASS">
          <params>
            <param index="0">
              <value>
                <![CDATA[exam.exam]]>
              </value>
            </param>
          </params>
          <reporter-output>
          </reporter-output>
        </test-method> <!-- contactUs -->
        <test-method is-config="true" signature="screenshotAndDeleteCookies(org.testng.ITestResult)[pri:0, instance:test.TC1_ContactsUSTest@1dd92fe2]" started-at="2022-01-11T15:10:42 CET" name="screenshotAndDeleteCookies" finished-at="2022-01-11T15:10:43 CET" duration-ms="820" status="PASS">
          <params>
            <param index="0">
              <value>
                <![CDATA[[TestResult name=contactUs status=SUCCESS method=TC1_ContactsUSTest.contactUs(java.lang.String)[pri:0, instance:test.TC1_ContactsUSTest@1dd92fe2] output={null}]]]>
              </value>
            </param>
          </params>
          <reporter-output>
          </reporter-output>
        </test-method> <!-- screenshotAndDeleteCookies -->
        <test-method is-config="true" signature="loadBaseUrl(java.lang.reflect.Method)[pri:0, instance:test.TC1_ContactsUSTest@1dd92fe2]" started-at="2022-01-11T15:10:43 CET" name="loadBaseUrl" finished-at="2022-01-11T15:10:46 CET" duration-ms="3190" status="PASS">
          <params>
            <param index="0">
              <value>
                <![CDATA[public void test.TC1_ContactsUSTest.contactUs(java.lang.String) throws java.lang.Exception]]>
              </value>
            </param>
          </params>
          <reporter-output>
          </reporter-output>
        </test-method> <!-- loadBaseUrl -->
        <test-method signature="contactUs(java.lang.String)[pri:0, instance:test.TC1_ContactsUSTest@1dd92fe2]" started-at="2022-01-11T15:10:46 CET" name="contactUs" data-provider="TestData" finished-at="2022-01-11T15:10:47 CET" duration-ms="1116" status="PASS">
          <params>
            <param index="0">
              <value>
                <![CDATA[test@test]]>
              </value>
            </param>
          </params>
          <reporter-output>
          </reporter-output>
        </test-method> <!-- contactUs -->
        <test-method is-config="true" signature="screenshotAndDeleteCookies(org.testng.ITestResult)[pri:0, instance:test.TC1_ContactsUSTest@1dd92fe2]" started-at="2022-01-11T15:10:47 CET" name="screenshotAndDeleteCookies" finished-at="2022-01-11T15:10:48 CET" duration-ms="922" status="PASS">
          <params>
            <param index="0">
              <value>
                <![CDATA[[TestResult name=contactUs status=SUCCESS method=TC1_ContactsUSTest.contactUs(java.lang.String)[pri:0, instance:test.TC1_ContactsUSTest@1dd92fe2] output={null}]]]>
              </value>
            </param>
          </params>
          <reporter-output>
          </reporter-output>
        </test-method> <!-- screenshotAndDeleteCookies -->
      </class> <!-- test.TC1_ContactsUSTest -->
      <class name="test.TC4_CareersPageTest">
        <test-method is-config="true" signature="loadBaseUrl(java.lang.reflect.Method)[pri:0, instance:test.TC4_CareersPageTest@1b68b9a4]" started-at="2022-01-11T15:11:20 CET" name="loadBaseUrl" finished-at="2022-01-11T15:11:26 CET" duration-ms="5441" status="PASS">
          <params>
            <param index="0">
              <value>
                <![CDATA[public void test.TC4_CareersPageTest.CareersPageListPositions()]]>
              </value>
            </param>
          </params>
          <reporter-output>
          </reporter-output>
        </test-method> <!-- loadBaseUrl -->
        <test-method signature="CareersPageListPositions()[pri:0, instance:test.TC4_CareersPageTest@1b68b9a4]" started-at="2022-01-11T15:11:26 CET" name="CareersPageListPositions" finished-at="2022-01-11T15:11:45 CET" duration-ms="19639" status="PASS">
          <reporter-output>
          </reporter-output>
        </test-method> <!-- CareersPageListPositions -->
        <test-method is-config="true" signature="screenshotAndDeleteCookies(org.testng.ITestResult)[pri:0, instance:test.TC4_CareersPageTest@1b68b9a4]" started-at="2022-01-11T15:11:45 CET" name="screenshotAndDeleteCookies" finished-at="2022-01-11T15:11:46 CET" duration-ms="572" status="PASS">
          <params>
            <param index="0">
              <value>
                <![CDATA[[TestResult name=CareersPageListPositions status=SUCCESS method=TC4_CareersPageTest.CareersPageListPositions()[pri:0, instance:test.TC4_CareersPageTest@1b68b9a4] output={null}]]]>
              </value>
            </param>
          </params>
          <reporter-output>
          </reporter-output>
        </test-method> <!-- screenshotAndDeleteCookies -->
      </class> <!-- test.TC4_CareersPageTest -->
      <class name="test.TC3_CareersPageTest">
        <test-method is-config="true" signature="loadBaseUrl(java.lang.reflect.Method)[pri:0, instance:test.TC3_CareersPageTest@64d2d351]" started-at="2022-01-11T15:11:04 CET" name="loadBaseUrl" finished-at="2022-01-11T15:11:07 CET" duration-ms="2914" status="PASS">
          <params>
            <param index="0">
              <value>
                <![CDATA[public void test.TC3_CareersPageTest.CareersPageApply()]]>
              </value>
            </param>
          </params>
          <reporter-output>
          </reporter-output>
        </test-method> <!-- loadBaseUrl -->
        <test-method signature="CareersPageApply()[pri:0, instance:test.TC3_CareersPageTest@64d2d351]" started-at="2022-01-11T15:11:07 CET" name="CareersPageApply" finished-at="2022-01-11T15:11:20 CET" duration-ms="12509" status="PASS">
          <reporter-output>
          </reporter-output>
        </test-method> <!-- CareersPageApply -->
        <test-method is-config="true" signature="screenshotAndDeleteCookies(org.testng.ITestResult)[pri:0, instance:test.TC3_CareersPageTest@64d2d351]" started-at="2022-01-11T15:11:20 CET" name="screenshotAndDeleteCookies" finished-at="2022-01-11T15:11:20 CET" duration-ms="670" status="PASS">
          <params>
            <param index="0">
              <value>
                <![CDATA[[TestResult name=CareersPageApply status=SUCCESS method=TC3_CareersPageTest.CareersPageApply()[pri:0, instance:test.TC3_CareersPageTest@64d2d351] output={null}]]]>
              </value>
            </param>
          </params>
          <reporter-output>
          </reporter-output>
        </test-method> <!-- screenshotAndDeleteCookies -->
      </class> <!-- test.TC3_CareersPageTest -->
    </test> <!-- Surefire test -->
  </suite> <!-- Surefire suite -->
</testng-results>
