<?xml version="1.0" encoding="UTF-8"?>
<testsuite xmlns:xsi="http://www.w3.org/2001/XMLSchema-instance" xsi:noNamespaceSchemaLocation="https://maven.apache.org/surefire/maven-surefire-plugin/xsd/surefire-test-report-3.0.xsd" version="3.0" name="TestSuite" time="98.33" tests="8" errors="0" skipped="0" failures="0">
  <properties>
[...]
</properties>
  <testcase name="contactUs[abc@bcgd](1)" classname="test.TC1_ContactsUSTest" time="2.919">
    <system-err><![CDATA[SLF4J: Failed to load class "org.slf4j.impl.StaticLoggerBinder".
SLF4J: Defaulting to no-operation (NOP) logger implementation
SLF4J: See http://www.slf4j.org/codes.html#StaticLoggerBinder for further details.
Starting ChromeDriver 97.0.4692.71 (adefa7837d02a07a604c1e6eff0b3a09422ab88d-refs/branch-heads/4692@{#1247}) on port 3878
Only local connections are allowed.
Please see https://chromedriver.chromium.org/security-considerations for suggestions on keeping ChromeDriver safe.
ChromeDriver was started successfully.
Jan 11, 2022 3:10:12 PM org.openqa.selenium.remote.ProtocolHandshake createSession
INFO: Detected dialect: W3C
]]></system-err>
  </testcase>
  <testcase name="contactUs[jdfjdh.com](2)" classname="test.TC1_ContactsUSTest" time="2.527"/>
  <testcase name="contactUs[testTest](3)" classname="test.TC1_ContactsUSTest" time="1.136"/>
  <testcase name="contactUs[exam.exam](4)" classname="test.TC1_ContactsUSTest" time="1.526"/>
  <testcase name="contactUs[test@test](5)" classname="test.TC1_ContactsUSTest" time="1.115"/>
  <testcase name="companyPage" classname="test.TC2_CompanyPageTest" time="12.252"/>
  <testcase name="CareersPageApply" classname="test.TC3_CareersPageTest" time="12.51"/>
  <testcase name="CareersPageListPositions" classname="test.TC4_CareersPageTest" time="19.66">
    <system-out><![CDATA[Sofia


Position: Data Engineer
More details:https://www.musala.com/job/data-engineer/

Position: Senior Java Developer
More details:https://www.musala.com/job/senior-java-developer/

Position: Experienced Automation QA Engineer
More details:https://www.musala.com/job/experienced-automation-qa-engineer/

Position: Java Developer
More details:https://www.musala.com/job/java-developer/

Position: OS and Application Administrator
More details:https://www.musala.com/job/os-and-application-administrator/

Position: Senior Angular Developer
More details:https://www.musala.com/job/senior-angular-developer-2/

Position: DevOps Engineer
More details:https://www.musala.com/job/devops-engineer/

Position: Software Engineer Virtual Infrastructure Integration
More details:https://www.musala.com/job/software-engineer-virtual-infrastructure-integration/

Position: HR Associate
More details:https://www.musala.com/job/hr-associate-2/

Position: People Development Lead
More details:https://www.musala.com/job/people-development-lead/

Position: Node.js Developer
More details:https://www.musala.com/job/node-js-developer/

Skopje


Position: Data Engineer
More details:https://www.musala.com/job/data-engineer/

Position: Senior Java Developer
More details:https://www.musala.com/job/senior-java-developer/

Position: Experienced Automation QA Engineer
More details:https://www.musala.com/job/experienced-automation-qa-engineer/

Position: Java Developer
More details:https://www.musala.com/job/java-developer/

Position: OS and Application Administrator
More details:https://www.musala.com/job/os-and-application-administrator/

Position: Senior Angular Developer
More details:https://www.musala.com/job/senior-angular-developer-2/

Position: DevOps Engineer
More details:https://www.musala.com/job/devops-engineer/

Position: Software Engineer Virtual Infrastructure Integration
More details:https://www.musala.com/job/software-engineer-virtual-infrastructure-integration/

Position: HR Associate
More details:https://www.musala.com/job/hr-associate-2/

Position: Node.js Developer
More details:https://www.musala.com/job/node-js-developer/

]]></system-out>
  </testcase>
</testsuite>